<?xml version="1.0" encoding="UTF-8"?>
<testsuite xmlns:xsi="http://www.w3.org/2001/XMLSchema-instance" xsi:noNamespaceSchemaLocation="https://maven.apache.org/surefire/maven-surefire-plugin/xsd/surefire-test-report.xsd" version="3.0.2" name="com.mall.service.MallServiceIntegrationTest" time="12.595" tests="2" errors="0" skipped="0" failures="0">
  <properties>
[...]
</properties>
  <testcase name="cancellingRestoresStockAndProductDeletionIsSoft" classname="com.mall.service.MallServiceIntegrationTest" time="3.4">
    <system-out><![CDATA[15:21:28.498 [main] INFO org.springframework.test.context.support.AnnotationConfigContextLoaderUtils -- Could not detect default configuration classes for test class [com.mall.service.MallServiceIntegrationTest]: MallServiceIntegrationTest does not declare any static, non-private, non-final, nested classes annotated with @Configuration.
15:21:28.642 [main] INFO org.springframework.boot.test.context.SpringBootTestContextBootstrapper -- Found @SpringBootConfiguration com.mall.MallApplication for test class com.mall.service.MallServiceIntegrationTest

  .   ____          _            __ _ _
 /\\ / ___'_ __ _ _(_)_ __  __ _ \ \ \ \
( ( )\___ | '_ | '_| | '_ \/ _` | \ \ \ \
 \\/  ___)| |_)| | | | | || (_| |  ) ) ) )
  '  |____| .__|_| |_|_| |_\__, | / / / /
 =========|_|==============|___/=/_/_/_/

 :: Spring Boot ::                (v3.4.5)

2026-06-22T15:21:29.167+08:00  INFO 27432 --- [mall-backend] [           main] c.m.service.MallServiceIntegrationTest   : Starting MallServiceIntegrationTest using Java 21.0.6 with PID 27432 (started by HP in E:\Programming\Code\MallSystem\backend)
2026-06-22T15:21:29.168+08:00  INFO 27432 --- [mall-backend] [           main] c.m.service.MallServiceIntegrationTest   : No active profile set, falling back to 1 default profile: "default"
2026-06-22T15:21:30.040+08:00  INFO 27432 --- [mall-backend] [           main] .s.d.r.c.RepositoryConfigurationDelegate : Bootstrapping Spring Data JPA repositories in DEFAULT mode.
2026-06-22T15:21:30.141+08:00  INFO 27432 --- [mall-backend] [           main] .s.d.r.c.RepositoryConfigurationDelegate : Finished Spring Data repository scanning in 82 ms. Found 17 JPA repository interfaces.
2026-06-22T15:21:30.881+08:00  INFO 27432 --- [mall-backend] [           main] o.hibernate.jpa.internal.util.LogHelper  : HHH000204: Processing PersistenceUnitInfo [name: default]
2026-06-22T15:21:31.096+08:00  INFO 27432 --- [mall-backend] [           main] org.hibernate.Version                    : HHH000412: Hibernate ORM core version 6.6.13.Final
2026-06-22T15:21:31.191+08:00  INFO 27432 --- [mall-backend] [           main] o.h.c.internal.RegionFactoryInitiator    : HHH000026: Second-level cache disabled
2026-06-22T15:21:31.626+08:00  INFO 27432 --- [mall-backend] [           main] o.s.o.j.p.SpringPersistenceUnitInfo      : No LoadTimeWeaver setup: ignoring JPA class transformer
2026-06-22T15:21:31.669+08:00  INFO 27432 --- [mall-backend] [           main] com.zaxxer.hikari.HikariDataSource       : HikariPool-1 - Starting...
2026-06-22T15:21:31.910+08:00  INFO 27432 --- [mall-backend] [           main] com.zaxxer.hikari.pool.HikariPool        : HikariPool-1 - Added connection conn0: url=jdbc:h2:mem:mall-test user=SA
2026-06-22T15:21:31.913+08:00  INFO 27432 --- [mall-backend] [           main] com.zaxxer.hikari.HikariDataSource       : HikariPool-1 - Start completed.
2026-06-22T15:21:31.987+08:00  INFO 27432 --- [mall-backend] [           main] org.hibernate.orm.connections.pooling    : HHH10001005: Database info:
	Database JDBC URL [Connecting through datasource 'HikariDataSource (HikariPool-1)']
	Database driver: undefined/unknown
	Database version: 2.3.232
	Autocommit mode: undefined/unknown
	Isolation level: undefined/unknown
	Minimum pool size: undefined/unknown
	Maximum pool size: undefined/unknown
2026-06-22T15:21:33.555+08:00  INFO 27432 --- [mall-backend] [           main] o.h.e.t.j.p.i.JtaPlatformInitiator       : HHH000489: No JTA platform available (set 'hibernate.transaction.jta.platform' to enable JTA platform integration)
2026-06-22T15:21:33.669+08:00  INFO 27432 --- [mall-backend] [           main] j.LocalContainerEntityManagerFactoryBean : Initialized JPA EntityManagerFactory for persistence unit 'default'
2026-06-22T15:21:34.145+08:00  INFO 27432 --- [mall-backend] [           main] o.s.d.j.r.query.QueryEnhancerFactory     : Hibernate is in classpath; If applicable, HQL parser will be used.
2026-06-22T15:21:35.616+08:00  WARN 27432 --- [mall-backend] [           main] .s.s.UserDetailsServiceAutoConfiguration : 

Using generated security password: 8b0f6a38-5d9c-409e-8a6a-c126c94a82f3

This generated password is for development use only. Your security configuration must be updated before running your application in production.

2026-06-22T15:21:35.627+08:00  INFO 27432 --- [mall-backend] [           main] r$InitializeUserDetailsManagerConfigurer : Global AuthenticationManager configured with UserDetailsService bean with name inMemoryUserDetailsManager
2026-06-22T15:21:36.597+08:00  INFO 27432 --- [mall-backend] [           main] o.s.b.a.h2.H2ConsoleAutoConfiguration    : H2 console available at '/h2-console'. Database available at 'jdbc:h2:mem:mall-test'
2026-06-22T15:21:36.709+08:00  INFO 27432 --- [mall-backend] [           main] c.m.service.MallServiceIntegrationTest   : Started MallServiceIntegrationTest in 7.858 seconds (process running for 9.103)
]]></system-out>
    <system-err><![CDATA[Mockito is currently self-attaching to enable the inline-mock-maker. This will no longer work in future releases of the JDK. Please add Mockito as an agent to your build what is described in Mockito's documentation: https://javadoc.io/doc/org.mockito/mockito-core/latest/org/mockito/Mockito.html#0.3
WARNING: A Java agent has been loaded dynamically (E:\Programming\Environment\apache-maven-3.9.11\mvn_repo\net\bytebuddy\byte-buddy-agent\1.15.11\byte-buddy-agent-1.15.11.jar)
WARNING: If a serviceability tool is in use, please run with -XX:+EnableDynamicAgentLoading to hide this warning
WARNING: If a serviceability tool is not in use, please run with -Djdk.instrument.traceUsage for more information
WARNING: Dynamic loading of agents will be disallowed by default in a future release
]]></system-err>
  </testcase>
  <testcase name="completesTheCustomerOrderLifecycle" classname="com.mall.service.MallServiceIntegrationTest" time="0.098"/>
</testsuite>